# JRE version: OpenJDK Runtime Environment (8.0_242-b01) (build 1.8.0_242-release-1644-b01)
# Java VM: OpenJDK 64-Bit Server VM (25.242-b01 mixed mode windows-amd64 compressed oops)
Heap:
 PSYoungGen      total 139264K, used 116279K [0x00000000d5580000, 0x00000000e3180000, 0x0000000100000000)
  eden space 128000K, 90% used [0x00000000d5580000,0x00000000dc70dc38,0x00000000dd280000)
  from space 11264K, 0% used [0x00000000dd280000,0x00000000dd280000,0x00000000ddd80000)
  to   space 12800K, 0% used [0x00000000e2500000,0x00000000e2500000,0x00000000e3180000)
 ParOldGen       total 59904K, used 17993K [0x0000000080000000, 0x0000000083a80000, 0x00000000d5580000)
  object space 59904K, 30% used [0x0000000080000000,0x0000000081192470,0x0000000083a80000)
 Metaspace       used 44370K, capacity 45820K, committed 46120K, reserved 1089536K
  class space    used 6001K, capacity 6354K, committed 6448K, reserved 1048576K
GC Heap History (10 events):
Event: 3.412 GC heap before
{Heap before GC invocations=7 (full 0):
 PSYoungGen      total 75776K, used 9483K [0x00000000d5580000, 0x00000000dac80000, 0x0000000100000000)
  eden space 65536K, 1% used [0x00000000d5580000,0x00000000d5679368,0x00000000d9580000)
  from space 10240K, 82% used [0x00000000da080000,0x00000000da8c9c30,0x00000000daa80000)
  to   space 11264K, 0% used [0x00000000d9580000,0x00000000d9580000,0x00000000da080000)
 ParOldGen       total 87552K, used 7041K [0x0000000080000000, 0x0000000085580000, 0x00000000d5580000)
  object space 87552K, 8% used [0x0000000080000000,0x00000000806e0500,0x0000000085580000)
 Metaspace       used 20632K, capacity 21228K, committed 21296K, reserved 1067008K
  class space    used 2884K, capacity 3084K, committed 3120K, reserved 1048576K
Event: 3.420 GC heap after
Heap after GC invocations=7 (full 0):
 PSYoungGen      total 76800K, used 5250K [0x00000000d5580000, 0x00000000dea80000, 0x0000000100000000)
  eden space 65536K, 0% used [0x00000000d5580000,0x00000000d5580000,0x00000000d9580000)
  from space 11264K, 46% used [0x00000000d9580000,0x00000000d9aa0be8,0x00000000da080000)
  to   space 10752K, 0% used [0x00000000de000000,0x00000000de000000,0x00000000dea80000)
 ParOldGen       total 87552K, used 9321K [0x0000000080000000, 0x0000000085580000, 0x00000000d5580000)
  object space 87552K, 10% used [0x0000000080000000,0x000000008091a570,0x0000000085580000)
 Metaspace       used 20632K, capacity 21228K, committed 21296K, reserved 1067008K
  class space    used 2884K, capacity 3084K, committed 3120K, reserved 1048576K
}
Event: 3.420 GC heap before
{Heap before GC invocations=8 (full 1):
 PSYoungGen      total 76800K, used 5250K [0x00000000d5580000, 0x00000000dea80000, 0x0000000100000000)
  eden space 65536K, 0% used [0x00000000d5580000,0x00000000d5580000,0x00000000d9580000)
  from space 11264K, 46% used [0x00000000d9580000,0x00000000d9aa0be8,0x00000000da080000)
  to   space 10752K, 0% used [0x00000000de000000,0x00000000de000000,0x00000000dea80000)
 ParOldGen       total 87552K, used 9321K [0x0000000080000000, 0x0000000085580000, 0x00000000d5580000)
  object space 87552K, 10% used [0x0000000080000000,0x000000008091a570,0x0000000085580000)
 Metaspace       used 20632K, capacity 21228K, committed 21296K, reserved 1067008K
  class space    used 2884K, capacity 3084K, committed 3120K, reserved 1048576K
Event: 3.457 GC heap after
Heap after GC invocations=8 (full 1):
 PSYoungGen      total 76800K, used 0K [0x00000000d5580000, 0x00000000dea80000, 0x0000000100000000)
  eden space 65536K, 0% used [0x00000000d5580000,0x00000000d5580000,0x00000000d9580000)
  from space 11264K, 0% used [0x00000000d9580000,0x00000000d9580000,0x00000000da080000)
  to   space 10752K, 0% used [0x00000000de000000,0x00000000de000000,0x00000000dea80000)
 ParOldGen       total 47104K, used 8103K [0x0000000080000000, 0x0000000082e00000, 0x00000000d5580000)
  object space 47104K, 17% used [0x0000000080000000,0x00000000807e9f90,0x0000000082e00000)
 Metaspace       used 20632K, capacity 21228K, committed 21296K, reserved 1067008K
  class space    used 2884K, capacity 3084K, committed 3120K, reserved 1048576K
}
Event: 4.399 GC heap before
{Heap before GC invocations=9 (full 1):
 PSYoungGen      total 76800K, used 65391K [0x00000000d5580000, 0x00000000dea80000, 0x0000000100000000)
  eden space 65536K, 99% used [0x00000000d5580000,0x00000000d955bd98,0x00000000d9580000)
  from space 11264K, 0% used [0x00000000d9580000,0x00000000d9580000,0x00000000da080000)
  to   space 10752K, 0% used [0x00000000de000000,0x00000000de000000,0x00000000dea80000)
 ParOldGen       total 47104K, used 8103K [0x0000000080000000, 0x0000000082e00000, 0x00000000d5580000)
  object space 47104K, 17% used [0x0000000080000000,0x00000000807e9f90,0x0000000082e00000)
 Metaspace       used 28263K, capacity 28980K, committed 29232K, reserved 1075200K
  class space    used 3895K, capacity 4127K, committed 4144K, reserved 1048576K
Event: 4.411 GC heap after
Heap after GC invocations=9 (full 1):
 PSYoungGen      total 136704K, used 8682K [0x00000000d5580000, 0x00000000de880000, 0x0000000100000000)
  eden space 128000K, 0% used [0x00000000d5580000,0x00000000d5580000,0x00000000dd280000)
  from space 8704K, 99% used [0x00000000de000000,0x00000000de87a8e8,0x00000000de880000)
  to   space 11264K, 0% used [0x00000000dd280000,0x00000000dd280000,0x00000000ddd80000)
 ParOldGen       total 47104K, used 8111K [0x0000000080000000, 0x0000000082e00000, 0x00000000d5580000)
  object space 47104K, 17% used [0x0000000080000000,0x00000000807ebf90,0x0000000082e00000)
 Metaspace       used 28263K, capacity 28980K, committed 29232K, reserved 1075200K
  class space    used 3895K, capacity 4127K, committed 4144K, reserved 1048576K
}
Event: 10.162 GC heap before
{Heap before GC invocations=10 (full 1):
 PSYoungGen      total 136704K, used 119009K [0x00000000d5580000, 0x00000000de880000, 0x0000000100000000)
  eden space 128000K, 86% used [0x00000000d5580000,0x00000000dc13ddb8,0x00000000dd280000)
  from space 8704K, 99% used [0x00000000de000000,0x00000000de87a8e8,0x00000000de880000)
  to   space 11264K, 0% used [0x00000000dd280000,0x00000000dd280000,0x00000000ddd80000)
 ParOldGen       total 47104K, used 8111K [0x0000000080000000, 0x0000000082e00000, 0x00000000d5580000)
  object space 47104K, 17% used [0x0000000080000000,0x00000000807ebf90,0x0000000082e00000)
 Metaspace       used 34569K, capacity 35398K, committed 35496K, reserved 1079296K
  class space    used 4740K, capacity 4970K, committed 5040K, reserved 1048576K
Event: 10.179 GC heap after
Heap after GC invocations=10 (full 1):
 PSYoungGen      total 139264K, used 11261K [0x00000000d5580000, 0x00000000e3180000, 0x0000000100000000)
  eden space 128000K, 0% used [0x00000000d5580000,0x00000000d5580000,0x00000000dd280000)
  from space 11264K, 99% used [0x00000000dd280000,0x00000000ddd7f648,0x00000000ddd80000)
  to   space 12800K, 0% used [0x00000000e2500000,0x00000000e2500000,0x00000000e3180000)
 ParOldGen       total 47104K, used 8455K [0x0000000080000000, 0x0000000082e00000, 0x00000000d5580000)
  object space 47104K, 17% used [0x0000000080000000,0x0000000080841c20,0x0000000082e00000)
 Metaspace       used 34569K, capacity 35398K, committed 35496K, reserved 1079296K
  class space    used 4740K, capacity 4970K, committed 5040K, reserved 1048576K
}
Event: 10.179 GC heap before
{Heap before GC invocations=11 (full 2):
 PSYoungGen      total 139264K, used 11261K [0x00000000d5580000, 0x00000000e3180000, 0x0000000100000000)
  eden space 128000K, 0% used [0x00000000d5580000,0x00000000d5580000,0x00000000dd280000)
  from space 11264K, 99% used [0x00000000dd280000,0x00000000ddd7f648,0x00000000ddd80000)
  to   space 12800K, 0% used [0x00000000e2500000,0x00000000e2500000,0x00000000e3180000)
 ParOldGen       total 47104K, used 8455K [0x0000000080000000, 0x0000000082e00000, 0x00000000d5580000)
  object space 47104K, 17% used [0x0000000080000000,0x0000000080841c20,0x0000000082e00000)
 Metaspace       used 34569K, capacity 35398K, committed 35496K, reserved 1079296K
  class space    used 4740K, capacity 4970K, committed 5040K, reserved 1048576K
Event: 10.289 GC heap after
Heap after GC invocations=11 (full 2):
 PSYoungGen      total 139264K, used 0K [0x00000000d5580000, 0x00000000e3180000, 0x0000000100000000)
  eden space 128000K, 0% used [0x00000000d5580000,0x00000000d5580000,0x00000000dd280000)
  from space 11264K, 0% used [0x00000000dd280000,0x00000000dd280000,0x00000000ddd80000)
  to   space 12800K, 0% used [0x00000000e2500000,0x00000000e2500000,0x00000000e3180000)
 ParOldGen       total 59904K, used 17993K [0x0000000080000000, 0x0000000083a80000, 0x00000000d5580000)
  object space 59904K, 30% used [0x0000000080000000,0x0000000081192470,0x0000000083a80000)
 Metaspace       used 34569K, capacity 35398K, committed 35496K, reserved 1079296K
  class space    used 4740K, capacity 4970K, committed 5040K, reserved 1048576K
}

