# JRE version: OpenJDK Runtime Environment (8.0_242-b01) (build 1.8.0_242-release-1644-b01)
# Java VM: OpenJDK 64-Bit Server VM (25.242-b01 mixed mode windows-amd64 compressed oops)
Heap:
 PSYoungGen      total 206848K, used 74452K [0x00000000d5580000, 0x00000000e3680000, 0x0000000100000000)
  eden space 194048K, 31% used [0x00000000d5580000,0x00000000d91bc110,0x00000000e1300000)
  from space 12800K, 99% used [0x00000000e2200000,0x00000000e2e791d8,0x00000000e2e80000)
  to   space 15360K, 0% used [0x00000000e1300000,0x00000000e1300000,0x00000000e2200000)
 ParOldGen       total 59392K, used 20588K [0x0000000080000000, 0x0000000083a00000, 0x00000000d5580000)
  object space 59392K, 34% used [0x0000000080000000,0x000000008141b000,0x0000000083a00000)
 Metaspace       used 50383K, capacity 52072K, committed 52264K, reserved 1093632K
  class space    used 6753K, capacity 7153K, committed 7216K, reserved 1048576K
GC Heap History (10 events):
Event: 3.456 GC heap before
{Heap before GC invocations=8 (full 1):
 PSYoungGen      total 76800K, used 5686K [0x00000000d5580000, 0x00000000dea80000, 0x0000000100000000)
  eden space 65536K, 0% used [0x00000000d5580000,0x00000000d5580000,0x00000000d9580000)
  from space 11264K, 50% used [0x00000000d9580000,0x00000000d9b0d918,0x00000000da080000)
  to   space 10752K, 0% used [0x00000000de000000,0x00000000de000000,0x00000000dea80000)
 ParOldGen       total 87552K, used 9323K [0x0000000080000000, 0x0000000085580000, 0x00000000d5580000)
  object space 87552K, 10% used [0x0000000080000000,0x000000008091ac10,0x0000000085580000)
 Metaspace       used 20626K, capacity 21224K, committed 21296K, reserved 1067008K
  class space    used 2884K, capacity 3084K, committed 3120K, reserved 1048576K
Event: 3.503 GC heap after
Heap after GC invocations=8 (full 1):
 PSYoungGen      total 76800K, used 0K [0x00000000d5580000, 0x00000000dea80000, 0x0000000100000000)
  eden space 65536K, 0% used [0x00000000d5580000,0x00000000d5580000,0x00000000d9580000)
  from space 11264K, 0% used [0x00000000d9580000,0x00000000d9580000,0x00000000da080000)
  to   space 10752K, 0% used [0x00000000de000000,0x00000000de000000,0x00000000dea80000)
 ParOldGen       total 48128K, used 8519K [0x0000000080000000, 0x0000000082f00000, 0x00000000d5580000)
  object space 48128K, 17% used [0x0000000080000000,0x0000000080851ec0,0x0000000082f00000)
 Metaspace       used 20626K, capacity 21224K, committed 21296K, reserved 1067008K
  class space    used 2884K, capacity 3084K, committed 3120K, reserved 1048576K
}
Event: 31.855 GC heap before
{Heap before GC invocations=9 (full 1):
 PSYoungGen      total 76800K, used 65482K [0x00000000d5580000, 0x00000000dea80000, 0x0000000100000000)
  eden space 65536K, 99% used [0x00000000d5580000,0x00000000d9572b18,0x00000000d9580000)
  from space 11264K, 0% used [0x00000000d9580000,0x00000000d9580000,0x00000000da080000)
  to   space 10752K, 0% used [0x00000000de000000,0x00000000de000000,0x00000000dea80000)
 ParOldGen       total 48128K, used 8519K [0x0000000080000000, 0x0000000082f00000, 0x00000000d5580000)
  object space 48128K, 17% used [0x0000000080000000,0x0000000080851ec0,0x0000000082f00000)
 Metaspace       used 28312K, capacity 29040K, committed 29232K, reserved 1075200K
  class space    used 3901K, capacity 4127K, committed 4144K, reserved 1048576K
Event: 31.867 GC heap after
Heap after GC invocations=9 (full 1):
 PSYoungGen      total 135680K, used 8651K [0x00000000d5580000, 0x00000000de880000, 0x0000000100000000)
  eden space 126976K, 0% used [0x00000000d5580000,0x00000000d5580000,0x00000000dd180000)
  from space 8704K, 99% used [0x00000000de000000,0x00000000de872e68,0x00000000de880000)
  to   space 11264K, 0% used [0x00000000dd280000,0x00000000dd280000,0x00000000ddd80000)
 ParOldGen       total 48128K, used 8527K [0x0000000080000000, 0x0000000082f00000, 0x00000000d5580000)
  object space 48128K, 17% used [0x0000000080000000,0x0000000080853ec0,0x0000000082f00000)
 Metaspace       used 28312K, capacity 29040K, committed 29232K, reserved 1075200K
  class space    used 3901K, capacity 4127K, committed 4144K, reserved 1048576K
}
Event: 37.972 GC heap before
{Heap before GC invocations=10 (full 1):
 PSYoungGen      total 135680K, used 121211K [0x00000000d5580000, 0x00000000de880000, 0x0000000100000000)
  eden space 126976K, 88% used [0x00000000d5580000,0x00000000dc36bed8,0x00000000dd180000)
  from space 8704K, 99% used [0x00000000de000000,0x00000000de872e68,0x00000000de880000)
  to   space 11264K, 0% used [0x00000000dd280000,0x00000000dd280000,0x00000000ddd80000)
 ParOldGen       total 48128K, used 8527K [0x0000000080000000, 0x0000000082f00000, 0x00000000d5580000)
  object space 48128K, 17% used [0x0000000080000000,0x0000000080853ec0,0x0000000082f00000)
 Metaspace       used 34592K, capacity 35426K, committed 35496K, reserved 1079296K
  class space    used 4748K, capacity 5002K, committed 5040K, reserved 1048576K
Event: 37.987 GC heap after
Heap after GC invocations=10 (full 1):
 PSYoungGen      total 139264K, used 11241K [0x00000000d5580000, 0x00000000e2e80000, 0x0000000100000000)
  eden space 128000K, 0% used [0x00000000d5580000,0x00000000d5580000,0x00000000dd280000)
  from space 11264K, 99% used [0x00000000dd280000,0x00000000ddd7a4e0,0x00000000ddd80000)
  to   space 12800K, 0% used [0x00000000e2200000,0x00000000e2200000,0x00000000e2e80000)
 ParOldGen       total 48128K, used 8903K [0x0000000080000000, 0x0000000082f00000, 0x00000000d5580000)
  object space 48128K, 18% used [0x0000000080000000,0x00000000808b1c90,0x0000000082f00000)
 Metaspace       used 34592K, capacity 35426K, committed 35496K, reserved 1079296K
  class space    used 4748K, capacity 5002K, committed 5040K, reserved 1048576K
}
Event: 37.987 GC heap before
{Heap before GC invocations=11 (full 2):
 PSYoungGen      total 139264K, used 11241K [0x00000000d5580000, 0x00000000e2e80000, 0x0000000100000000)
  eden space 128000K, 0% used [0x00000000d5580000,0x00000000d5580000,0x00000000dd280000)
  from space 11264K, 99% used [0x00000000dd280000,0x00000000ddd7a4e0,0x00000000ddd80000)
  to   space 12800K, 0% used [0x00000000e2200000,0x00000000e2200000,0x00000000e2e80000)
 ParOldGen       total 48128K, used 8903K [0x0000000080000000, 0x0000000082f00000, 0x00000000d5580000)
  object space 48128K, 18% used [0x0000000080000000,0x00000000808b1c90,0x0000000082f00000)
 Metaspace       used 34592K, capacity 35426K, committed 35496K, reserved 1079296K
  class space    used 4748K, capacity 5002K, committed 5040K, reserved 1048576K
Event: 38.073 GC heap after
Heap after GC invocations=11 (full 2):
 PSYoungGen      total 139264K, used 0K [0x00000000d5580000, 0x00000000e2e80000, 0x0000000100000000)
  eden space 128000K, 0% used [0x00000000d5580000,0x00000000d5580000,0x00000000dd280000)
  from space 11264K, 0% used [0x00000000dd280000,0x00000000dd280000,0x00000000ddd80000)
  to   space 12800K, 0% used [0x00000000e2200000,0x00000000e2200000,0x00000000e2e80000)
 ParOldGen       total 59392K, used 18042K [0x0000000080000000, 0x0000000083a00000, 0x00000000d5580000)
  object space 59392K, 30% used [0x0000000080000000,0x000000008119ea70,0x0000000083a00000)
 Metaspace       used 34592K, capacity 35426K, committed 35496K, reserved 1079296K
  class space    used 4748K, capacity 5002K, committed 5040K, reserved 1048576K
}
Event: 54.233 GC heap before
{Heap before GC invocations=12 (full 2):
 PSYoungGen      total 139264K, used 128000K [0x00000000d5580000, 0x00000000e2e80000, 0x0000000100000000)
  eden space 128000K, 100% used [0x00000000d5580000,0x00000000dd280000,0x00000000dd280000)
  from space 11264K, 0% used [0x00000000dd280000,0x00000000dd280000,0x00000000ddd80000)
  to   space 12800K, 0% used [0x00000000e2200000,0x00000000e2200000,0x00000000e2e80000)
 ParOldGen       total 59392K, used 18042K [0x0000000080000000, 0x0000000083a00000, 0x00000000d5580000)
  object space 59392K, 30% used [0x0000000080000000,0x000000008119ea70,0x0000000083a00000)
 Metaspace       used 45397K, capacity 46916K, committed 47016K, reserved 1089536K
  class space    used 6136K, capacity 6484K, committed 6576K, reserved 1048576K
Event: 54.252 GC heap after
Heap after GC invocations=12 (full 2):
 PSYoungGen      total 206848K, used 12772K [0x00000000d5580000, 0x00000000e3680000, 0x0000000100000000)
  eden space 194048K, 0% used [0x00000000d5580000,0x00000000d5580000,0x00000000e1300000)
  from space 12800K, 99% used [0x00000000e2200000,0x00000000e2e791d8,0x00000000e2e80000)
  to   space 15360K, 0% used [0x00000000e1300000,0x00000000e1300000,0x00000000e2200000)
 ParOldGen       total 59392K, used 20588K [0x0000000080000000, 0x0000000083a00000, 0x00000000d5580000)
  object space 59392K, 34% used [0x0000000080000000,0x000000008141b000,0x0000000083a00000)
 Metaspace       used 45397K, capacity 46916K, committed 47016K, reserved 1089536K
  class space    used 6136K, capacity 6484K, committed 6576K, reserved 1048576K
}

