# JRE version: OpenJDK Runtime Environment (8.0_242-b01) (build 1.8.0_242-release-1644-b01)
# Java VM: OpenJDK 64-Bit Server VM (25.242-b01 mixed mode windows-amd64 compressed oops)
Heap:
 PSYoungGen      total 187904K, used 87273K [0x00000000d5580000, 0x00000000e2800000, 0x0000000100000000)
  eden space 171008K, 41% used [0x00000000d5580000,0x00000000d9a3b5d8,0x00000000dfc80000)
  from space 16896K, 99% used [0x00000000e1200000,0x00000000e227f060,0x00000000e2280000)
  to   space 22016K, 0% used [0x00000000dfc80000,0x00000000dfc80000,0x00000000e1200000)
 ParOldGen       total 114176K, used 38014K [0x0000000080000000, 0x0000000086f80000, 0x00000000d5580000)
  object space 114176K, 33% used [0x0000000080000000,0x000000008251f9d8,0x0000000086f80000)
 Metaspace       used 71648K, capacity 74628K, committed 74776K, reserved 1114112K
  class space    used 9594K, capacity 10235K, committed 10288K, reserved 1048576K
GC Heap History (10 events):
Event: 43.465 GC heap before
{Heap before GC invocations=15 (full 2):
 PSYoungGen      total 120832K, used 120766K [0x00000000d5580000, 0x00000000de080000, 0x0000000100000000)
  eden space 110592K, 100% used [0x00000000d5580000,0x00000000dc180000,0x00000000dc180000)
  from space 10240K, 99% used [0x00000000dd680000,0x00000000de06fb90,0x00000000de080000)
  to   space 12800K, 0% used [0x00000000dc780000,0x00000000dc780000,0x00000000dd400000)
 ParOldGen       total 74752K, used 14494K [0x0000000080000000, 0x0000000084900000, 0x00000000d5580000)
  object space 74752K, 19% used [0x0000000080000000,0x0000000080e27a28,0x0000000084900000)
 Metaspace       used 51138K, capacity 52926K, committed 53160K, reserved 1095680K
  class space    used 6863K, capacity 7256K, committed 7344K, reserved 1048576K
Event: 43.482 GC heap after
Heap after GC invocations=15 (full 2):
 PSYoungGen      total 129536K, used 12797K [0x00000000d5580000, 0x00000000e0180000, 0x0000000100000000)
  eden space 116736K, 0% used [0x00000000d5580000,0x00000000d5580000,0x00000000dc780000)
  from space 12800K, 99% used [0x00000000dc780000,0x00000000dd3ff6d0,0x00000000dd400000)
  to   space 16896K, 0% used [0x00000000df100000,0x00000000df100000,0x00000000e0180000)
 ParOldGen       total 74752K, used 20045K [0x0000000080000000, 0x0000000084900000, 0x00000000d5580000)
  object space 74752K, 26% used [0x0000000080000000,0x0000000081393678,0x0000000084900000)
 Metaspace       used 51138K, capacity 52926K, committed 53160K, reserved 1095680K
  class space    used 6863K, capacity 7256K, committed 7344K, reserved 1048576K
}
Event: 48.947 GC heap before
{Heap before GC invocations=16 (full 2):
 PSYoungGen      total 129536K, used 82564K [0x00000000d5580000, 0x00000000e0180000, 0x0000000100000000)
  eden space 116736K, 59% used [0x00000000d5580000,0x00000000d99a1a78,0x00000000dc780000)
  from space 12800K, 99% used [0x00000000dc780000,0x00000000dd3ff6d0,0x00000000dd400000)
  to   space 16896K, 0% used [0x00000000df100000,0x00000000df100000,0x00000000e0180000)
 ParOldGen       total 74752K, used 20045K [0x0000000080000000, 0x0000000084900000, 0x00000000d5580000)
  object space 74752K, 26% used [0x0000000080000000,0x0000000081393678,0x0000000084900000)
 Metaspace       used 56996K, capacity 58986K, committed 59160K, reserved 1099776K
  class space    used 7810K, capacity 8240K, committed 8240K, reserved 1048576K
Event: 48.966 GC heap after
Heap after GC invocations=16 (full 2):
 PSYoungGen      total 160256K, used 7473K [0x00000000d5580000, 0x00000000e0500000, 0x0000000100000000)
  eden space 143360K, 0% used [0x00000000d5580000,0x00000000d5580000,0x00000000de180000)
  from space 16896K, 44% used [0x00000000df100000,0x00000000df84c778,0x00000000e0180000)
  to   space 15872K, 0% used [0x00000000de180000,0x00000000de180000,0x00000000df100000)
 ParOldGen       total 74752K, used 27771K [0x0000000080000000, 0x0000000084900000, 0x00000000d5580000)
  object space 74752K, 37% used [0x0000000080000000,0x0000000081b1ed40,0x0000000084900000)
 Metaspace       used 56996K, capacity 58986K, committed 59160K, reserved 1099776K
  class space    used 7810K, capacity 8240K, committed 8240K, reserved 1048576K
}
Event: 48.966 GC heap before
{Heap before GC invocations=17 (full 3):
 PSYoungGen      total 160256K, used 7473K [0x00000000d5580000, 0x00000000e0500000, 0x0000000100000000)
  eden space 143360K, 0% used [0x00000000d5580000,0x00000000d5580000,0x00000000de180000)
  from space 16896K, 44% used [0x00000000df100000,0x00000000df84c778,0x00000000e0180000)
  to   space 15872K, 0% used [0x00000000de180000,0x00000000de180000,0x00000000df100000)
 ParOldGen       total 74752K, used 27771K [0x0000000080000000, 0x0000000084900000, 0x00000000d5580000)
  object space 74752K, 37% used [0x0000000080000000,0x0000000081b1ed40,0x0000000084900000)
 Metaspace       used 56996K, capacity 58986K, committed 59160K, reserved 1099776K
  class space    used 7810K, capacity 8240K, committed 8240K, reserved 1048576K
Event: 49.233 GC heap after
Heap after GC invocations=17 (full 3):
 PSYoungGen      total 160256K, used 0K [0x00000000d5580000, 0x00000000e0500000, 0x0000000100000000)
  eden space 143360K, 0% used [0x00000000d5580000,0x00000000d5580000,0x00000000de180000)
  from space 16896K, 0% used [0x00000000df100000,0x00000000df100000,0x00000000e0180000)
  to   space 15872K, 0% used [0x00000000de180000,0x00000000de180000,0x00000000df100000)
 ParOldGen       total 114176K, used 31705K [0x0000000080000000, 0x0000000086f80000, 0x00000000d5580000)
  object space 114176K, 27% used [0x0000000080000000,0x0000000081ef6748,0x0000000086f80000)
 Metaspace       used 56988K, capacity 58956K, committed 59160K, reserved 1099776K
  class space    used 7807K, capacity 8235K, committed 8240K, reserved 1048576K
}
Event: 56.907 GC heap before
{Heap before GC invocations=18 (full 3):
 PSYoungGen      total 160256K, used 143360K [0x00000000d5580000, 0x00000000e0500000, 0x0000000100000000)
  eden space 143360K, 100% used [0x00000000d5580000,0x00000000de180000,0x00000000de180000)
  from space 16896K, 0% used [0x00000000df100000,0x00000000df100000,0x00000000e0180000)
  to   space 15872K, 0% used [0x00000000de180000,0x00000000de180000,0x00000000df100000)
 ParOldGen       total 114176K, used 31705K [0x0000000080000000, 0x0000000086f80000, 0x00000000d5580000)
  object space 114176K, 27% used [0x0000000080000000,0x0000000081ef6748,0x0000000086f80000)
 Metaspace       used 61480K, capacity 64118K, committed 64408K, reserved 1103872K
  class space    used 8454K, capacity 9032K, committed 9136K, reserved 1048576K
Event: 56.921 GC heap after
Heap after GC invocations=18 (full 3):
 PSYoungGen      total 159232K, used 12454K [0x00000000d5580000, 0x00000000e2280000, 0x0000000100000000)
  eden space 143360K, 0% used [0x00000000d5580000,0x00000000d5580000,0x00000000de180000)
  from space 15872K, 78% used [0x00000000de180000,0x00000000deda9a30,0x00000000df100000)
  to   space 16896K, 0% used [0x00000000e1200000,0x00000000e1200000,0x00000000e2280000)
 ParOldGen       total 114176K, used 31713K [0x0000000080000000, 0x0000000086f80000, 0x00000000d5580000)
  object space 114176K, 27% used [0x0000000080000000,0x0000000081ef8748,0x0000000086f80000)
 Metaspace       used 61480K, capacity 64118K, committed 64408K, reserved 1103872K
  class space    used 8454K, capacity 9032K, committed 9136K, reserved 1048576K
}
Event: 163.550 GC heap before
{Heap before GC invocations=19 (full 3):
 PSYoungGen      total 159232K, used 155814K [0x00000000d5580000, 0x00000000e2280000, 0x0000000100000000)
  eden space 143360K, 100% used [0x00000000d5580000,0x00000000de180000,0x00000000de180000)
  from space 15872K, 78% used [0x00000000de180000,0x00000000deda9a30,0x00000000df100000)
  to   space 16896K, 0% used [0x00000000e1200000,0x00000000e1200000,0x00000000e2280000)
 ParOldGen       total 114176K, used 31713K [0x0000000080000000, 0x0000000086f80000, 0x00000000d5580000)
  object space 114176K, 27% used [0x0000000080000000,0x0000000081ef8748,0x0000000086f80000)
 Metaspace       used 69746K, capacity 72644K, committed 72728K, reserved 1112064K
  class space    used 9381K, capacity 10009K, committed 10032K, reserved 1048576K
Event: 163.673 GC heap after
Heap after GC invocations=19 (full 3):
 PSYoungGen      total 187904K, used 16892K [0x00000000d5580000, 0x00000000e2800000, 0x0000000100000000)
  eden space 171008K, 0% used [0x00000000d5580000,0x00000000d5580000,0x00000000dfc80000)
  from space 16896K, 99% used [0x00000000e1200000,0x00000000e227f060,0x00000000e2280000)
  to   space 22016K, 0% used [0x00000000dfc80000,0x00000000dfc80000,0x00000000e1200000)
 ParOldGen       total 114176K, used 38014K [0x0000000080000000, 0x0000000086f80000, 0x00000000d5580000)
  object space 114176K, 33% used [0x0000000080000000,0x000000008251f9d8,0x0000000086f80000)
 Metaspace       used 69746K, capacity 72644K, committed 72728K, reserved 1112064K
  class space    used 9381K, capacity 10009K, committed 10032K, reserved 1048576K
}

