# JRE version: OpenJDK Runtime Environment (8.0_242-b01) (build 1.8.0_242-release-1644-b01)
# Java VM: OpenJDK 64-Bit Server VM (25.242-b01 mixed mode windows-amd64 compressed oops)
Heap:
 PSYoungGen      total 264192K, used 2624K [0x00000000d5580000, 0x00000000e6580000, 0x0000000100000000)
  eden space 249856K, 0% used [0x00000000d5580000,0x00000000d5580000,0x00000000e4980000)
  from space 14336K, 18% used [0x00000000e4980000,0x00000000e4c10000,0x00000000e5780000)
  to   space 10240K, 0% used [0x00000000e5b80000,0x00000000e5b80000,0x00000000e6580000)
 ParOldGen       total 49664K, used 15018K [0x0000000080000000, 0x0000000083080000, 0x00000000d5580000)
  object space 49664K, 30% used [0x0000000080000000,0x0000000080eaaaa0,0x0000000083080000)
 Metaspace       used 35620K, capacity 36682K, committed 36776K, reserved 1085440K
  class space    used 4897K, capacity 5204K, committed 5296K, reserved 1048576K
GC Heap History (10 events):
Event: 3.933 GC heap before
{Heap before GC invocations=6 (full 0):
 PSYoungGen      total 71680K, used 5967K [0x00000000d5580000, 0x00000000df080000, 0x0000000100000000)
  eden space 66560K, 1% used [0x00000000d5580000,0x00000000d565bfb8,0x00000000d9680000)
  from space 5120K, 99% used [0x00000000d9680000,0x00000000d9b78020,0x00000000d9b80000)
  to   space 12800K, 0% used [0x00000000de400000,0x00000000de400000,0x00000000df080000)
 ParOldGen       total 87552K, used 10417K [0x0000000080000000, 0x0000000085580000, 0x00000000d5580000)
  object space 87552K, 11% used [0x0000000080000000,0x0000000080a2c7d0,0x0000000085580000)
 Metaspace       used 20639K, capacity 21228K, committed 21296K, reserved 1067008K
  class space    used 2886K, capacity 3084K, committed 3120K, reserved 1048576K
Event: 3.942 GC heap after
Heap after GC invocations=6 (full 0):
 PSYoungGen      total 144896K, used 5056K [0x00000000d5580000, 0x00000000def80000, 0x0000000100000000)
  eden space 133120K, 0% used [0x00000000d5580000,0x00000000d5580000,0x00000000dd780000)
  from space 11776K, 42% used [0x00000000de400000,0x00000000de8f0040,0x00000000def80000)
  to   space 12288K, 0% used [0x00000000dd780000,0x00000000dd780000,0x00000000de380000)
 ParOldGen       total 87552K, used 10425K [0x0000000080000000, 0x0000000085580000, 0x00000000d5580000)
  object space 87552K, 11% used [0x0000000080000000,0x0000000080a2e7d0,0x0000000085580000)
 Metaspace       used 20639K, capacity 21228K, committed 21296K, reserved 1067008K
  class space    used 2886K, capacity 3084K, committed 3120K, reserved 1048576K
}
Event: 3.942 GC heap before
{Heap before GC invocations=7 (full 1):
 PSYoungGen      total 144896K, used 5056K [0x00000000d5580000, 0x00000000def80000, 0x0000000100000000)
  eden space 133120K, 0% used [0x00000000d5580000,0x00000000d5580000,0x00000000dd780000)
  from space 11776K, 42% used [0x00000000de400000,0x00000000de8f0040,0x00000000def80000)
  to   space 12288K, 0% used [0x00000000dd780000,0x00000000dd780000,0x00000000de380000)
 ParOldGen       total 87552K, used 10425K [0x0000000080000000, 0x0000000085580000, 0x00000000d5580000)
  object space 87552K, 11% used [0x0000000080000000,0x0000000080a2e7d0,0x0000000085580000)
 Metaspace       used 20639K, capacity 21228K, committed 21296K, reserved 1067008K
  class space    used 2886K, capacity 3084K, committed 3120K, reserved 1048576K
Event: 3.992 GC heap after
Heap after GC invocations=7 (full 1):
 PSYoungGen      total 144896K, used 0K [0x00000000d5580000, 0x00000000def80000, 0x0000000100000000)
  eden space 133120K, 0% used [0x00000000d5580000,0x00000000d5580000,0x00000000dd780000)
  from space 11776K, 0% used [0x00000000de400000,0x00000000de400000,0x00000000def80000)
  to   space 12288K, 0% used [0x00000000dd780000,0x00000000dd780000,0x00000000de380000)
 ParOldGen       total 49664K, used 6877K [0x0000000080000000, 0x0000000083080000, 0x00000000d5580000)
  object space 49664K, 13% used [0x0000000080000000,0x00000000806b7650,0x0000000083080000)
 Metaspace       used 20639K, capacity 21228K, committed 21296K, reserved 1067008K
  class space    used 2886K, capacity 3084K, committed 3120K, reserved 1048576K
}
Event: 6.310 GC heap before
{Heap before GC invocations=8 (full 1):
 PSYoungGen      total 144896K, used 133120K [0x00000000d5580000, 0x00000000def80000, 0x0000000100000000)
  eden space 133120K, 100% used [0x00000000d5580000,0x00000000dd780000,0x00000000dd780000)
  from space 11776K, 0% used [0x00000000de400000,0x00000000de400000,0x00000000def80000)
  to   space 12288K, 0% used [0x00000000dd780000,0x00000000dd780000,0x00000000de380000)
 ParOldGen       total 49664K, used 6877K [0x0000000080000000, 0x0000000083080000, 0x00000000d5580000)
  object space 49664K, 13% used [0x0000000080000000,0x00000000806b7650,0x0000000083080000)
 Metaspace       used 32552K, capacity 33312K, committed 33456K, reserved 1077248K
  class space    used 4446K, capacity 4673K, committed 4784K, reserved 1048576K
Event: 6.377 GC heap after
Heap after GC invocations=8 (full 1):
 PSYoungGen      total 145408K, used 12273K [0x00000000d5580000, 0x00000000e6a00000, 0x0000000100000000)
  eden space 133120K, 0% used [0x00000000d5580000,0x00000000d5580000,0x00000000dd780000)
  from space 12288K, 99% used [0x00000000dd780000,0x00000000de37c620,0x00000000de380000)
  to   space 14848K, 0% used [0x00000000e5b80000,0x00000000e5b80000,0x00000000e6a00000)
 ParOldGen       total 49664K, used 8237K [0x0000000080000000, 0x0000000083080000, 0x00000000d5580000)
  object space 49664K, 16% used [0x0000000080000000,0x000000008080b4d8,0x0000000083080000)
 Metaspace       used 32552K, capacity 33312K, committed 33456K, reserved 1077248K
  class space    used 4446K, capacity 4673K, committed 4784K, reserved 1048576K
}
Event: 12.508 GC heap before
{Heap before GC invocations=9 (full 1):
 PSYoungGen      total 145408K, used 56042K [0x00000000d5580000, 0x00000000e6a00000, 0x0000000100000000)
  eden space 133120K, 32% used [0x00000000d5580000,0x00000000d803e210,0x00000000dd780000)
  from space 12288K, 99% used [0x00000000dd780000,0x00000000de37c620,0x00000000de380000)
  to   space 14848K, 0% used [0x00000000e5b80000,0x00000000e5b80000,0x00000000e6a00000)
 ParOldGen       total 49664K, used 8237K [0x0000000080000000, 0x0000000083080000, 0x00000000d5580000)
  object space 49664K, 16% used [0x0000000080000000,0x000000008080b4d8,0x0000000083080000)
 Metaspace       used 34518K, capacity 35430K, committed 35496K, reserved 1079296K
  class space    used 4735K, capacity 5002K, committed 5040K, reserved 1048576K
Event: 12.526 GC heap after
Heap after GC invocations=9 (full 1):
 PSYoungGen      total 260096K, used 8422K [0x00000000d5580000, 0x00000000e6580000, 0x0000000100000000)
  eden space 249856K, 0% used [0x00000000d5580000,0x00000000d5580000,0x00000000e4980000)
  from space 10240K, 82% used [0x00000000e5b80000,0x00000000e63b9a78,0x00000000e6580000)
  to   space 14336K, 0% used [0x00000000e4980000,0x00000000e4980000,0x00000000e5780000)
 ParOldGen       total 49664K, used 8245K [0x0000000080000000, 0x0000000083080000, 0x00000000d5580000)
  object space 49664K, 16% used [0x0000000080000000,0x000000008080d4d8,0x0000000083080000)
 Metaspace       used 34518K, capacity 35430K, committed 35496K, reserved 1079296K
  class space    used 4735K, capacity 5002K, committed 5040K, reserved 1048576K
}
Event: 12.527 GC heap before
{Heap before GC invocations=10 (full 2):
 PSYoungGen      total 260096K, used 8422K [0x00000000d5580000, 0x00000000e6580000, 0x0000000100000000)
  eden space 249856K, 0% used [0x00000000d5580000,0x00000000d5580000,0x00000000e4980000)
  from space 10240K, 82% used [0x00000000e5b80000,0x00000000e63b9a78,0x00000000e6580000)
  to   space 14336K, 0% used [0x00000000e4980000,0x00000000e4980000,0x00000000e5780000)
 ParOldGen       total 49664K, used 8245K [0x0000000080000000, 0x0000000083080000, 0x00000000d5580000)
  object space 49664K, 16% used [0x0000000080000000,0x000000008080d4d8,0x0000000083080000)
 Metaspace       used 34518K, capacity 35430K, committed 35496K, reserved 1079296K
  class space    used 4735K, capacity 5002K, committed 5040K, reserved 1048576K
Event: 12.608 GC heap after
Heap after GC invocations=10 (full 2):
 PSYoungGen      total 260096K, used 0K [0x00000000d5580000, 0x00000000e6580000, 0x0000000100000000)
  eden space 249856K, 0% used [0x00000000d5580000,0x00000000d5580000,0x00000000e4980000)
  from space 10240K, 0% used [0x00000000e5b80000,0x00000000e5b80000,0x00000000e6580000)
  to   space 14336K, 0% used [0x00000000e4980000,0x00000000e4980000,0x00000000e5780000)
 ParOldGen       total 49664K, used 15010K [0x0000000080000000, 0x0000000083080000, 0x00000000d5580000)
  object space 49664K, 30% used [0x0000000080000000,0x0000000080ea8aa0,0x0000000083080000)
 Metaspace       used 34518K, capacity 35430K, committed 35496K, reserved 1079296K
  class space    used 4735K, capacity 5002K, committed 5040K, reserved 1048576K
}

