# JRE version: OpenJDK Runtime Environment (8.0_242-b01) (build 1.8.0_242-release-1644-b01)
# Java VM: OpenJDK 64-Bit Server VM (25.242-b01 mixed mode windows-amd64 compressed oops)
Heap:
 PSYoungGen      total 614400K, used 495960K [0x00000000d5580000, 0x00000000fd100000, 0x0000000100000000)
  eden space 582144K, 85% used [0x00000000d5580000,0x00000000f39d6178,0x00000000f8e00000)
  from space 32256K, 0% used [0x00000000f8e00000,0x00000000f8e00000,0x00000000fad80000)
  to   space 31232K, 0% used [0x00000000fb280000,0x00000000fb280000,0x00000000fd100000)
 ParOldGen       total 142848K, used 51410K [0x0000000080000000, 0x0000000088b80000, 0x00000000d5580000)
  object space 142848K, 35% used [0x0000000080000000,0x0000000083234950,0x0000000088b80000)
 Metaspace       used 89775K, capacity 94248K, committed 94504K, reserved 1132544K
  class space    used 11896K, capacity 12755K, committed 12848K, reserved 1048576K
GC Heap History (10 events):
Event: 70.832 GC heap before
{Heap before GC invocations=11 (full 2):
 PSYoungGen      total 434688K, used 23859K [0x00000000d5580000, 0x00000000f1e80000, 0x0000000100000000)
  eden space 419328K, 2% used [0x00000000d5580000,0x00000000d5dcdc10,0x00000000eef00000)
  from space 15360K, 99% used [0x00000000f0680000,0x00000000f157f300,0x00000000f1580000)
  to   space 24064K, 0% used [0x00000000eef00000,0x00000000eef00000,0x00000000f0680000)
 ParOldGen       total 74240K, used 29966K [0x0000000080000000, 0x0000000084880000, 0x00000000d5580000)
  object space 74240K, 40% used [0x0000000080000000,0x0000000081d43838,0x0000000084880000)
 Metaspace       used 57071K, capacity 59048K, committed 59160K, reserved 1099776K
  class space    used 7823K, capacity 8281K, committed 8368K, reserved 1048576K
Event: 70.850 GC heap after
Heap after GC invocations=11 (full 2):
 PSYoungGen      total 443392K, used 15688K [0x00000000d5580000, 0x00000000fcd00000, 0x0000000100000000)
  eden space 419328K, 0% used [0x00000000d5580000,0x00000000d5580000,0x00000000eef00000)
  from space 24064K, 65% used [0x00000000eef00000,0x00000000efe522f0,0x00000000f0680000)
  to   space 24576K, 0% used [0x00000000fb500000,0x00000000fb500000,0x00000000fcd00000)
 ParOldGen       total 74240K, used 29974K [0x0000000080000000, 0x0000000084880000, 0x00000000d5580000)
  object space 74240K, 40% used [0x0000000080000000,0x0000000081d45838,0x0000000084880000)
 Metaspace       used 57071K, capacity 59048K, committed 59160K, reserved 1099776K
  class space    used 7823K, capacity 8281K, committed 8368K, reserved 1048576K
}
Event: 70.850 GC heap before
{Heap before GC invocations=12 (full 3):
 PSYoungGen      total 443392K, used 15688K [0x00000000d5580000, 0x00000000fcd00000, 0x0000000100000000)
  eden space 419328K, 0% used [0x00000000d5580000,0x00000000d5580000,0x00000000eef00000)
  from space 24064K, 65% used [0x00000000eef00000,0x00000000efe522f0,0x00000000f0680000)
  to   space 24576K, 0% used [0x00000000fb500000,0x00000000fb500000,0x00000000fcd00000)
 ParOldGen       total 74240K, used 29974K [0x0000000080000000, 0x0000000084880000, 0x00000000d5580000)
  object space 74240K, 40% used [0x0000000080000000,0x0000000081d45838,0x0000000084880000)
 Metaspace       used 57071K, capacity 59048K, committed 59160K, reserved 1099776K
  class space    used 7823K, capacity 8281K, committed 8368K, reserved 1048576K
Event: 71.073 GC heap after
Heap after GC invocations=12 (full 3):
 PSYoungGen      total 443392K, used 0K [0x00000000d5580000, 0x00000000fcd00000, 0x0000000100000000)
  eden space 419328K, 0% used [0x00000000d5580000,0x00000000d5580000,0x00000000eef00000)
  from space 24064K, 0% used [0x00000000eef00000,0x00000000eef00000,0x00000000f0680000)
  to   space 24576K, 0% used [0x00000000fb500000,0x00000000fb500000,0x00000000fcd00000)
 ParOldGen       total 102400K, used 27868K [0x0000000080000000, 0x0000000086400000, 0x00000000d5580000)
  object space 102400K, 27% used [0x0000000080000000,0x0000000081b37240,0x0000000086400000)
 Metaspace       used 57062K, capacity 59018K, committed 59160K, reserved 1099776K
  class space    used 7820K, capacity 8276K, committed 8368K, reserved 1048576K
}
Event: 1043.902 GC heap before
{Heap before GC invocations=13 (full 3):
 PSYoungGen      total 443392K, used 419328K [0x00000000d5580000, 0x00000000fcd00000, 0x0000000100000000)
  eden space 419328K, 100% used [0x00000000d5580000,0x00000000eef00000,0x00000000eef00000)
  from space 24064K, 0% used [0x00000000eef00000,0x00000000eef00000,0x00000000f0680000)
  to   space 24576K, 0% used [0x00000000fb500000,0x00000000fb500000,0x00000000fcd00000)
 ParOldGen       total 102400K, used 27868K [0x0000000080000000, 0x0000000086400000, 0x00000000d5580000)
  object space 102400K, 27% used [0x0000000080000000,0x0000000081b37240,0x0000000086400000)
 Metaspace       used 71948K, capacity 75098K, committed 75304K, reserved 1114112K
  class space    used 9628K, capacity 10262K, committed 10288K, reserved 1048576K
Event: 1043.990 GC heap after
Heap after GC invocations=13 (full 3):
 PSYoungGen      total 425984K, used 24572K [0x00000000d5580000, 0x00000000fcd00000, 0x0000000100000000)
  eden space 401408K, 0% used [0x00000000d5580000,0x00000000d5580000,0x00000000edd80000)
  from space 24576K, 99% used [0x00000000fb500000,0x00000000fccff060,0x00000000fcd00000)
  to   space 32256K, 0% used [0x00000000f8e00000,0x00000000f8e00000,0x00000000fad80000)
 ParOldGen       total 102400K, used 39003K [0x0000000080000000, 0x0000000086400000, 0x00000000d5580000)
  object space 102400K, 38% used [0x0000000080000000,0x0000000082616d28,0x0000000086400000)
 Metaspace       used 71948K, capacity 75098K, committed 75304K, reserved 1114112K
  class space    used 9628K, capacity 10262K, committed 10288K, reserved 1048576K
}
Event: 1310.173 GC heap before
{Heap before GC invocations=14 (full 3):
 PSYoungGen      total 425984K, used 168014K [0x00000000d5580000, 0x00000000fcd00000, 0x0000000100000000)
  eden space 401408K, 35% used [0x00000000d5580000,0x00000000de194a68,0x00000000edd80000)
  from space 24576K, 99% used [0x00000000fb500000,0x00000000fccff060,0x00000000fcd00000)
  to   space 32256K, 0% used [0x00000000f8e00000,0x00000000f8e00000,0x00000000fad80000)
 ParOldGen       total 102400K, used 39003K [0x0000000080000000, 0x0000000086400000, 0x00000000d5580000)
  object space 102400K, 38% used [0x0000000080000000,0x0000000082616d28,0x0000000086400000)
 Metaspace       used 80583K, capacity 84036K, committed 84136K, reserved 1126400K
  class space    used 10735K, capacity 11397K, committed 11440K, reserved 1048576K
Event: 1321.996 GC heap after
Heap after GC invocations=14 (full 3):
 PSYoungGen      total 614400K, used 10626K [0x00000000d5580000, 0x00000000fd100000, 0x0000000100000000)
  eden space 582144K, 0% used [0x00000000d5580000,0x00000000d5580000,0x00000000f8e00000)
  from space 32256K, 32% used [0x00000000f8e00000,0x00000000f9860be8,0x00000000fad80000)
  to   space 31232K, 0% used [0x00000000fb280000,0x00000000fb280000,0x00000000fd100000)
 ParOldGen       total 102400K, used 60642K [0x0000000080000000, 0x0000000086400000, 0x00000000d5580000)
  object space 102400K, 59% used [0x0000000080000000,0x0000000083b38a08,0x0000000086400000)
 Metaspace       used 80583K, capacity 84036K, committed 84136K, reserved 1126400K
  class space    used 10735K, capacity 11397K, committed 11440K, reserved 1048576K
}
Event: 1321.996 GC heap before
{Heap before GC invocations=15 (full 4):
 PSYoungGen      total 614400K, used 10626K [0x00000000d5580000, 0x00000000fd100000, 0x0000000100000000)
  eden space 582144K, 0% used [0x00000000d5580000,0x00000000d5580000,0x00000000f8e00000)
  from space 32256K, 32% used [0x00000000f8e00000,0x00000000f9860be8,0x00000000fad80000)
  to   space 31232K, 0% used [0x00000000fb280000,0x00000000fb280000,0x00000000fd100000)
 ParOldGen       total 102400K, used 60642K [0x0000000080000000, 0x0000000086400000, 0x00000000d5580000)
  object space 102400K, 59% used [0x0000000080000000,0x0000000083b38a08,0x0000000086400000)
 Metaspace       used 80583K, capacity 84036K, committed 84136K, reserved 1126400K
  class space    used 10735K, capacity 11397K, committed 11440K, reserved 1048576K
Event: 1329.028 GC heap after
Heap after GC invocations=15 (full 4):
 PSYoungGen      total 614400K, used 0K [0x00000000d5580000, 0x00000000fd100000, 0x0000000100000000)
  eden space 582144K, 0% used [0x00000000d5580000,0x00000000d5580000,0x00000000f8e00000)
  from space 32256K, 0% used [0x00000000f8e00000,0x00000000f8e00000,0x00000000fad80000)
  to   space 31232K, 0% used [0x00000000fb280000,0x00000000fb280000,0x00000000fd100000)
 ParOldGen       total 142848K, used 51410K [0x0000000080000000, 0x0000000088b80000, 0x00000000d5580000)
  object space 142848K, 35% used [0x0000000080000000,0x0000000083234950,0x0000000088b80000)
 Metaspace       used 80381K, capacity 83460K, committed 84136K, reserved 1124352K
  class space    used 10668K, capacity 11281K, committed 11440K, reserved 1048576K
}

